[[1;34mINFO[m] Scanning for projects...
[[1;33mWARNING[m] 
[[1;33mWARNING[m] Some problems were encountered while building the effective model for com.arunpragash:car-rental:jar:0.0.1-SNAPSHOT
[[1;33mWARNING[m] 'dependencies.dependency.(groupId:artifactId:type:classifier)' must be unique: org.springframework.boot:spring-boot-starter-security:jar -> duplicate declaration of version (?) @ line 77, column 13
[[1;33mWARNING[m] 
[[1;33mWARNING[m] It is highly recommended to fix these problems because they threaten the stability of your build.
[[1;33mWARNING[m] 
[[1;33mWARNING[m] For this reason, future Maven versions might no longer support building such malformed projects.
[[1;33mWARNING[m] 
[[1;34mINFO[m] 
[[1;34mINFO[m] [1m---------------------< [0;36mcom.arunpragash:car-rental[0;1m >---------------------[m
[[1;34mINFO[m] [1mBuilding car-rental 0.0.1-SNAPSHOT[m
[[1;34mINFO[m] [1m--------------------------------[ jar ]---------------------------------[m
[[1;34mINFO[m] 
[[1;34mINFO[m] [1m>>> [0;32mspring-boot-maven-plugin:3.3.1:run[m [1m(default-cli)[0;1m > [0;1mtest-compile[m @ [36mcar-rental[0;1m >>>[m
[[1;34mINFO[m] 
[[1;34mINFO[m] [1m--- [0;32mmaven-resources-plugin:3.3.1:resources[m [1m(default-resources)[m @ [36mcar-rental[0;1m ---[m
[[1;34mINFO[m] Copying 1 resource from src/main/resources to target/classes
[[1;34mINFO[m] Copying 0 resource from src/main/resources to target/classes
[[1;34mINFO[m] 
[[1;34mINFO[m] [1m--- [0;32mmaven-compiler-plugin:3.13.0:compile[m [1m(default-compile)[m @ [36mcar-rental[0;1m ---[m
[[1;34mINFO[m] Nothing to compile - all classes are up to date.
[[1;34mINFO[m] 
[[1;34mINFO[m] [1m--- [0;32mmaven-resources-plugin:3.3.1:testResources[m [1m(default-testResources)[m @ [36mcar-rental[0;1m ---[m
[[1;34mINFO[m] skip non existing resourceDirectory /home/arunpragash/projects/old-car-rental/src/test/resources
[[1;34mINFO[m] 
[[1;34mINFO[m] [1m--- [0;32mmaven-compiler-plugin:3.13.0:testCompile[m [1m(default-testCompile)[m @ [36mcar-rental[0;1m ---[m
[[1;34mINFO[m] Nothing to compile - all classes are up to date.
[[1;34mINFO[m] 
[[1;34mINFO[m] [1m<<< [0;32mspring-boot-maven-plugin:3.3.1:run[m [1m(default-cli)[0;1m < [0;1mtest-compile[m @ [36mcar-rental[0;1m <<<[m
[[1;34mINFO[m] 
[[1;34mINFO[m] 
[[1;34mINFO[m] [1m--- [0;32mspring-boot-maven-plugin:3.3.1:run[m [1m(default-cli)[m @ [36mcar-rental[0;1m ---[m
[[1;34mINFO[m] Attaching agents: []

  .   ____          _            __ _ _
 /\\ / ___'_ __ _ _(_)_ __  __ _ \ \ \ \
( ( )\___ | '_ | '_| | '_ \/ _` | \ \ \ \
 \\/  ___)| |_)| | | | | || (_| |  ) ) ) )
  '  |____| .__|_| |_|_| |_\__, | / / / /
 =========|_|==============|___/=/_/_/_/

 :: Spring Boot ::                (v3.3.1)

2024-07-26T18:28:57.352+05:30  INFO 28670 --- [car-rental] [  restartedMain] c.a.car_rental.CarRentalApplication      : Starting CarRentalApplication using Java 21.0.3 with PID 28670 (/home/arunpragash/projects/old-car-rental/target/classes started by arunpragash in /home/arunpragash/projects/old-car-rental)
2024-07-26T18:28:57.355+05:30  INFO 28670 --- [car-rental] [  restartedMain] c.a.car_rental.CarRentalApplication      : No active profile set, falling back to 1 default profile: "default"
2024-07-26T18:28:57.400+05:30  INFO 28670 --- [car-rental] [  restartedMain] .e.DevToolsPropertyDefaultsPostProcessor : Devtools property defaults active! Set 'spring.devtools.add-properties' to 'false' to disable
2024-07-26T18:28:57.400+05:30  INFO 28670 --- [car-rental] [  restartedMain] .e.DevToolsPropertyDefaultsPostProcessor : For additional web related logging consider setting the 'logging.level.web' property to 'DEBUG'
2024-07-26T18:28:58.189+05:30  INFO 28670 --- [car-rental] [  restartedMain] .s.d.r.c.RepositoryConfigurationDelegate : Bootstrapping Spring Data JPA repositories in DEFAULT mode.
2024-07-26T18:28:58.273+05:30  INFO 28670 --- [car-rental] [  restartedMain] .s.d.r.c.RepositoryConfigurationDelegate : Finished Spring Data repository scanning in 75 ms. Found 13 JPA repository interfaces.
2024-07-26T18:28:58.868+05:30  INFO 28670 --- [car-rental] [  restartedMain] o.s.b.w.embedded.tomcat.TomcatWebServer  : Tomcat initialized with port 8080 (http)
2024-07-26T18:28:58.883+05:30  INFO 28670 --- [car-rental] [  restartedMain] o.apache.catalina.core.StandardService   : Starting service [Tomcat]
2024-07-26T18:28:58.883+05:30  INFO 28670 --- [car-rental] [  restartedMain] o.apache.catalina.core.StandardEngine    : Starting Servlet engine: [Apache Tomcat/10.1.25]
2024-07-26T18:28:58.922+05:30  INFO 28670 --- [car-rental] [  restartedMain] o.a.c.c.C.[Tomcat].[localhost].[/]       : Initializing Spring embedded WebApplicationContext
2024-07-26T18:28:58.923+05:30  INFO 28670 --- [car-rental] [  restartedMain] w.s.c.ServletWebServerApplicationContext : Root WebApplicationContext: initialization completed in 1521 ms
2024-07-26T18:28:59.104+05:30  INFO 28670 --- [car-rental] [  restartedMain] o.hibernate.jpa.internal.util.LogHelper  : HHH000204: Processing PersistenceUnitInfo [name: default]
2024-07-26T18:28:59.148+05:30  INFO 28670 --- [car-rental] [  restartedMain] org.hibernate.Version                    : HHH000412: Hibernate ORM core version 6.5.2.Final
2024-07-26T18:28:59.176+05:30  INFO 28670 --- [car-rental] [  restartedMain] o.h.c.internal.RegionFactoryInitiator    : HHH000026: Second-level cache disabled
2024-07-26T18:28:59.457+05:30  INFO 28670 --- [car-rental] [  restartedMain] o.s.o.j.p.SpringPersistenceUnitInfo      : No LoadTimeWeaver setup: ignoring JPA class transformer
2024-07-26T18:28:59.482+05:30  INFO 28670 --- [car-rental] [  restartedMain] com.zaxxer.hikari.HikariDataSource       : HikariPool-1 - Starting...
2024-07-26T18:28:59.830+05:30  INFO 28670 --- [car-rental] [  restartedMain] com.zaxxer.hikari.pool.HikariPool        : HikariPool-1 - Added connection com.mysql.cj.jdbc.ConnectionImpl@26951fd9
2024-07-26T18:28:59.832+05:30  INFO 28670 --- [car-rental] [  restartedMain] com.zaxxer.hikari.HikariDataSource       : HikariPool-1 - Start completed.
2024-07-26T18:29:01.071+05:30  INFO 28670 --- [car-rental] [  restartedMain] o.h.e.t.j.p.i.JtaPlatformInitiator       : HHH000489: No JTA platform available (set 'hibernate.transaction.jta.platform' to enable JTA platform integration)
2024-07-26T18:29:01.264+05:30  INFO 28670 --- [car-rental] [  restartedMain] j.LocalContainerEntityManagerFactoryBean : Initialized JPA EntityManagerFactory for persistence unit 'default'
2024-07-26T18:29:01.713+05:30  INFO 28670 --- [car-rental] [  restartedMain] eAuthenticationProviderManagerConfigurer : Global AuthenticationManager configured with AuthenticationProvider bean with name authProvider
2024-07-26T18:29:01.716+05:30  WARN 28670 --- [car-rental] [  restartedMain] r$InitializeUserDetailsManagerConfigurer : Global AuthenticationManager configured with an AuthenticationProvider bean. UserDetailsService beans will not be used for username/password login. Consider removing the AuthenticationProvider bean. Alternatively, consider using the UserDetailsService in a manually instantiated DaoAuthenticationProvider.
2024-07-26T18:29:02.187+05:30  WARN 28670 --- [car-rental] [  restartedMain] JpaBaseConfiguration$JpaWebConfiguration : spring.jpa.open-in-view is enabled by default. Therefore, database queries may be performed during view rendering. Explicitly configure spring.jpa.open-in-view to disable this warning
2024-07-26T18:29:02.810+05:30  INFO 28670 --- [car-rental] [  restartedMain] o.s.b.d.a.OptionalLiveReloadServer       : LiveReload server is running on port 35729
2024-07-26T18:29:02.839+05:30  INFO 28670 --- [car-rental] [  restartedMain] o.s.b.w.embedded.tomcat.TomcatWebServer  : Tomcat started on port 8080 (http) with context path '/'
2024-07-26T18:29:02.849+05:30  INFO 28670 --- [car-rental] [  restartedMain] c.a.car_rental.CarRentalApplication      : Started CarRentalApplication in 5.967 seconds (process running for 6.45)
2024-07-26T18:29:06.210+05:30  INFO 28670 --- [car-rental] [nio-8080-exec-1] o.a.c.c.C.[Tomcat].[localhost].[/]       : Initializing Spring DispatcherServlet 'dispatcherServlet'
2024-07-26T18:29:06.211+05:30  INFO 28670 --- [car-rental] [nio-8080-exec-1] o.s.web.servlet.DispatcherServlet        : Initializing Servlet 'dispatcherServlet'
2024-07-26T18:29:06.212+05:30  INFO 28670 --- [car-rental] [nio-8080-exec-1] o.s.web.servlet.DispatcherServlet        : Completed initialization in 1 ms
Hibernate: select u1_0.id,u1_0.created_at,u1_0.email,u1_0.name,u1_0.password,u1_0.phone_number,u1_0.user_name,u1_0.user_type from user u1_0 where u1_0.user_name=?
Hibernate: select u1_0.id,u1_0.created_at,u1_0.email,u1_0.name,u1_0.password,u1_0.phone_number,u1_0.user_name,u1_0.user_type from user u1_0 where u1_0.user_name=?
Hibernate: select u1_0.id,u1_0.created_at,u1_0.email,u1_0.name,u1_0.password,u1_0.phone_number,u1_0.user_name,u1_0.user_type from user u1_0 where u1_0.user_name=?
Hibernate: select u1_0.id,u1_0.created_at,u1_0.email,u1_0.name,u1_0.password,u1_0.phone_number,u1_0.user_name,u1_0.user_type from user u1_0 where u1_0.user_name=?
Hibernate: select c1_0.id,c1_0.created_at,c1_0.model_id,c1_0.name,c1_0.place_id,c1_0.user_id,c1_0.vin,c1_0.year from car c1_0
Hibernate: select cm1_0.id,cm1_0.body,cm1_0.brand_name,cm1_0.created_at,cm1_0.model_name,cm1_0.seats from car_model cm1_0 where cm1_0.id=?
Hibernate: select u1_0.id,u1_0.created_at,u1_0.email,u1_0.name,u1_0.password,u1_0.phone_number,u1_0.user_name,u1_0.user_type from user u1_0 where u1_0.id=?
Hibernate: select cs1_0.id,cs1_0.brake,cs1_0.car_id,cs1_0.created_at,cs1_0.drivetrain,cs1_0.engine_power,cs1_0.fuel_type,cs1_0.gear_type,cs1_0.mileage,cs1_0.transmission from car_specs cs1_0 where cs1_0.car_id=?
Hibernate: select cp1_0.id,cp1_0.amount,cp1_0.car_id,cp1_0.convenience_fee,cp1_0.created_at,cp1_0.door_delivery_and_pickup,cp1_0.price_type,cp1_0.refundable_deposit,cp1_0.tax,cp1_0.trip_protection_fees from car_price cp1_0 where cp1_0.car_id=?
Hibernate: select a1_0.id,a1_0.address,a1_0.car_id,a1_0.city,a1_0.country,a1_0.created_at,a1_0.pin_code,a1_0.state,a1_0.user_id from address a1_0 where a1_0.car_id=?
Hibernate: select ci1_0.id,ci1_0.car_id,ci1_0.created_at,ci1_0.path from car_images ci1_0 where ci1_0.car_id=?
Hibernate: select ci1_0.id,ci1_0.car_id,ci1_0.created_at,ci1_0.path from car_images ci1_0 where ci1_0.id=?
Hibernate: select c1_0.id,c1_0.created_at,m1_0.id,m1_0.body,m1_0.brand_name,m1_0.created_at,m1_0.model_name,m1_0.seats,c1_0.name,p1_0.id,p1_0.city,p1_0.created_at,p1_0.pincode,p1_0.state,u1_0.id,u1_0.created_at,u1_0.email,u1_0.name,u1_0.password,u1_0.phone_number,u1_0.user_name,u1_0.user_type,c1_0.vin,c1_0.year from car c1_0 left join car_model m1_0 on m1_0.id=c1_0.model_id left join place p1_0 on p1_0.id=c1_0.place_id left join user u1_0 on u1_0.id=c1_0.user_id where c1_0.id=?
Hibernate: select u1_0.id,u1_0.created_at,u1_0.email,u1_0.name,u1_0.password,u1_0.phone_number,u1_0.user_name,u1_0.user_type from user u1_0 where u1_0.user_name=?
Hibernate: select c1_0.id,c1_0.created_at,m1_0.id,m1_0.body,m1_0.brand_name,m1_0.created_at,m1_0.model_name,m1_0.seats,c1_0.name,p1_0.id,p1_0.city,p1_0.created_at,p1_0.pincode,p1_0.state,u1_0.id,u1_0.created_at,u1_0.email,u1_0.name,u1_0.password,u1_0.phone_number,u1_0.user_name,u1_0.user_type,c1_0.vin,c1_0.year from car c1_0 left join car_model m1_0 on m1_0.id=c1_0.model_id left join place p1_0 on p1_0.id=c1_0.place_id left join user u1_0 on u1_0.id=c1_0.user_id where c1_0.id=?
Hibernate: select cs1_0.id,cs1_0.brake,cs1_0.car_id,cs1_0.created_at,cs1_0.drivetrain,cs1_0.engine_power,cs1_0.fuel_type,cs1_0.gear_type,cs1_0.mileage,cs1_0.transmission from car_specs cs1_0 where cs1_0.car_id=?
Hibernate: select cp1_0.id,cp1_0.amount,cp1_0.car_id,cp1_0.convenience_fee,cp1_0.created_at,cp1_0.door_delivery_and_pickup,cp1_0.price_type,cp1_0.refundable_deposit,cp1_0.tax,cp1_0.trip_protection_fees from car_price cp1_0 where cp1_0.car_id=?
Hibernate: select a1_0.id,a1_0.address,a1_0.car_id,a1_0.city,a1_0.country,a1_0.created_at,a1_0.pin_code,a1_0.state,a1_0.user_id from address a1_0 where a1_0.car_id=?
Hibernate: select ci1_0.id,ci1_0.car_id,ci1_0.created_at,ci1_0.path from car_images ci1_0 where ci1_0.car_id=?
Hibernate: select ci1_0.id,ci1_0.car_id,ci1_0.created_at,ci1_0.path from car_images ci1_0 where ci1_0.id=?
Hibernate: select c1_0.id,c1_0.created_at,m1_0.id,m1_0.body,m1_0.brand_name,m1_0.created_at,m1_0.model_name,m1_0.seats,c1_0.name,p1_0.id,p1_0.city,p1_0.created_at,p1_0.pincode,p1_0.state,u1_0.id,u1_0.created_at,u1_0.email,u1_0.name,u1_0.password,u1_0.phone_number,u1_0.user_name,u1_0.user_type,c1_0.vin,c1_0.year from car c1_0 left join car_model m1_0 on m1_0.id=c1_0.model_id left join place p1_0 on p1_0.id=c1_0.place_id left join user u1_0 on u1_0.id=c1_0.user_id where c1_0.id=?
Hibernate: select ci1_0.id,ci1_0.car_id,ci1_0.created_at,ci1_0.path from car_images ci1_0 where ci1_0.id=?
Hibernate: select ci1_0.id,ci1_0.car_id,ci1_0.created_at,ci1_0.path from car_images ci1_0 where ci1_0.id=?
Hibernate: select ci1_0.id,ci1_0.car_id,ci1_0.created_at,ci1_0.path from car_images ci1_0 where ci1_0.id=?
Hibernate: select ci1_0.id,ci1_0.car_id,ci1_0.created_at,ci1_0.path from car_images ci1_0 where ci1_0.id=?
Hibernate: select c1_0.id,c1_0.created_at,m1_0.id,m1_0.body,m1_0.brand_name,m1_0.created_at,m1_0.model_name,m1_0.seats,c1_0.name,p1_0.id,p1_0.city,p1_0.created_at,p1_0.pincode,p1_0.state,u1_0.id,u1_0.created_at,u1_0.email,u1_0.name,u1_0.password,u1_0.phone_number,u1_0.user_name,u1_0.user_type,c1_0.vin,c1_0.year from car c1_0 left join car_model m1_0 on m1_0.id=c1_0.model_id left join place p1_0 on p1_0.id=c1_0.place_id left join user u1_0 on u1_0.id=c1_0.user_id where c1_0.id=?
Hibernate: select c1_0.id,c1_0.created_at,m1_0.id,m1_0.body,m1_0.brand_name,m1_0.created_at,m1_0.model_name,m1_0.seats,c1_0.name,p1_0.id,p1_0.city,p1_0.created_at,p1_0.pincode,p1_0.state,u1_0.id,u1_0.created_at,u1_0.email,u1_0.name,u1_0.password,u1_0.phone_number,u1_0.user_name,u1_0.user_type,c1_0.vin,c1_0.year from car c1_0 left join car_model m1_0 on m1_0.id=c1_0.model_id left join place p1_0 on p1_0.id=c1_0.place_id left join user u1_0 on u1_0.id=c1_0.user_id where c1_0.id=?
Hibernate: select c1_0.id,c1_0.created_at,m1_0.id,m1_0.body,m1_0.brand_name,m1_0.created_at,m1_0.model_name,m1_0.seats,c1_0.name,p1_0.id,p1_0.city,p1_0.created_at,p1_0.pincode,p1_0.state,u1_0.id,u1_0.created_at,u1_0.email,u1_0.name,u1_0.password,u1_0.phone_number,u1_0.user_name,u1_0.user_type,c1_0.vin,c1_0.year from car c1_0 left join car_model m1_0 on m1_0.id=c1_0.model_id left join place p1_0 on p1_0.id=c1_0.place_id left join user u1_0 on u1_0.id=c1_0.user_id where c1_0.id=?
Hibernate: select c1_0.id,c1_0.created_at,m1_0.id,m1_0.body,m1_0.brand_name,m1_0.created_at,m1_0.model_name,m1_0.seats,c1_0.name,p1_0.id,p1_0.city,p1_0.created_at,p1_0.pincode,p1_0.state,u1_0.id,u1_0.created_at,u1_0.email,u1_0.name,u1_0.password,u1_0.phone_number,u1_0.user_name,u1_0.user_type,c1_0.vin,c1_0.year from car c1_0 left join car_model m1_0 on m1_0.id=c1_0.model_id left join place p1_0 on p1_0.id=c1_0.place_id left join user u1_0 on u1_0.id=c1_0.user_id where c1_0.id=?
Hibernate: select u1_0.id,u1_0.created_at,u1_0.email,u1_0.name,u1_0.password,u1_0.phone_number,u1_0.user_name,u1_0.user_type from user u1_0 where u1_0.user_name=?
Hibernate: select c1_0.id,c1_0.created_at,m1_0.id,m1_0.body,m1_0.brand_name,m1_0.created_at,m1_0.model_name,m1_0.seats,c1_0.name,p1_0.id,p1_0.city,p1_0.created_at,p1_0.pincode,p1_0.state,u1_0.id,u1_0.created_at,u1_0.email,u1_0.name,u1_0.password,u1_0.phone_number,u1_0.user_name,u1_0.user_type,c1_0.vin,c1_0.year from car c1_0 left join car_model m1_0 on m1_0.id=c1_0.model_id left join place p1_0 on p1_0.id=c1_0.place_id left join user u1_0 on u1_0.id=c1_0.user_id where c1_0.id=?
Hibernate: select cs1_0.id,cs1_0.brake,cs1_0.car_id,cs1_0.created_at,cs1_0.drivetrain,cs1_0.engine_power,cs1_0.fuel_type,cs1_0.gear_type,cs1_0.mileage,cs1_0.transmission from car_specs cs1_0 where cs1_0.car_id=?
Hibernate: select cp1_0.id,cp1_0.amount,cp1_0.car_id,cp1_0.convenience_fee,cp1_0.created_at,cp1_0.door_delivery_and_pickup,cp1_0.price_type,cp1_0.refundable_deposit,cp1_0.tax,cp1_0.trip_protection_fees from car_price cp1_0 where cp1_0.car_id=?
Hibernate: select a1_0.id,a1_0.address,a1_0.car_id,a1_0.city,a1_0.country,a1_0.created_at,a1_0.pin_code,a1_0.state,a1_0.user_id from address a1_0 where a1_0.car_id=?
Hibernate: select ci1_0.id,ci1_0.car_id,ci1_0.created_at,ci1_0.path from car_images ci1_0 where ci1_0.car_id=?
Hibernate: select u1_0.id,u1_0.created_at,u1_0.email,u1_0.name,u1_0.password,u1_0.phone_number,u1_0.user_name,u1_0.user_type from user u1_0 where u1_0.user_name=?
Hibernate: select c1_0.id,c1_0.created_at,m1_0.id,m1_0.body,m1_0.brand_name,m1_0.created_at,m1_0.model_name,m1_0.seats,c1_0.name,p1_0.id,p1_0.city,p1_0.created_at,p1_0.pincode,p1_0.state,u1_0.id,u1_0.created_at,u1_0.email,u1_0.name,u1_0.password,u1_0.phone_number,u1_0.user_name,u1_0.user_type,c1_0.vin,c1_0.year from car c1_0 left join car_model m1_0 on m1_0.id=c1_0.model_id left join place p1_0 on p1_0.id=c1_0.place_id left join user u1_0 on u1_0.id=c1_0.user_id where c1_0.id=?
Hibernate: select cs1_0.id,cs1_0.brake,cs1_0.car_id,cs1_0.created_at,cs1_0.drivetrain,cs1_0.engine_power,cs1_0.fuel_type,cs1_0.gear_type,cs1_0.mileage,cs1_0.transmission from car_specs cs1_0 where cs1_0.car_id=?
Hibernate: select cp1_0.id,cp1_0.amount,cp1_0.car_id,cp1_0.convenience_fee,cp1_0.created_at,cp1_0.door_delivery_and_pickup,cp1_0.price_type,cp1_0.refundable_deposit,cp1_0.tax,cp1_0.trip_protection_fees from car_price cp1_0 where cp1_0.car_id=?
Hibernate: select a1_0.id,a1_0.address,a1_0.car_id,a1_0.city,a1_0.country,a1_0.created_at,a1_0.pin_code,a1_0.state,a1_0.user_id from address a1_0 where a1_0.car_id=?
Hibernate: select ci1_0.id,ci1_0.car_id,ci1_0.created_at,ci1_0.path from car_images ci1_0 where ci1_0.car_id=?
Hibernate: select u1_0.id,u1_0.created_at,u1_0.email,u1_0.name,u1_0.password,u1_0.phone_number,u1_0.user_name,u1_0.user_type from user u1_0 where u1_0.user_name=?
Hibernate: select u1_0.id,u1_0.created_at,u1_0.email,u1_0.name,u1_0.password,u1_0.phone_number,u1_0.user_name,u1_0.user_type from user u1_0 where u1_0.user_name=?
Hibernate: select c1_0.id,c1_0.created_at,m1_0.id,m1_0.body,m1_0.brand_name,m1_0.created_at,m1_0.model_name,m1_0.seats,c1_0.name,p1_0.id,p1_0.city,p1_0.created_at,p1_0.pincode,p1_0.state,u1_0.id,u1_0.created_at,u1_0.email,u1_0.name,u1_0.password,u1_0.phone_number,u1_0.user_name,u1_0.user_type,c1_0.vin,c1_0.year from car c1_0 left join car_model m1_0 on m1_0.id=c1_0.model_id left join place p1_0 on p1_0.id=c1_0.place_id left join user u1_0 on u1_0.id=c1_0.user_id where c1_0.id=?
Hibernate: insert into booking (car_id,created_at,delivery_location,end_date,end_time,lessor_id,return_location,start_date,start_time,tenant_id) values (?,?,?,?,?,?,?,?,?,?)
Hibernate: insert into billing (company_name,created_at,driving_licence_number,first_name,last_name,no_of_persons,user_id) values (?,?,?,?,?,?,?)
Hibernate: insert into card_details (card_number,created_at,cvv,expiry,name_on_card,user_id) values (?,?,?,?,?,?)
Hibernate: insert into transaction (card_id,created_at,status,transaction_number) values (?,?,?,?)
Hibernate: insert into `order` (billing_id,booking_id,created_at,order_id,transaction_id) values (?,?,?,?,?)
Hibernate: select u1_0.id,u1_0.created_at,u1_0.email,u1_0.name,u1_0.password,u1_0.phone_number,u1_0.user_name,u1_0.user_type from user u1_0 where u1_0.user_name=?
Hibernate: select c1_0.id,c1_0.created_at,c1_0.model_id,c1_0.name,c1_0.place_id,c1_0.user_id,c1_0.vin,c1_0.year from car c1_0
Hibernate: select cm1_0.id,cm1_0.body,cm1_0.brand_name,cm1_0.created_at,cm1_0.model_name,cm1_0.seats from car_model cm1_0 where cm1_0.id=?
Hibernate: select u1_0.id,u1_0.created_at,u1_0.email,u1_0.name,u1_0.password,u1_0.phone_number,u1_0.user_name,u1_0.user_type from user u1_0 where u1_0.id=?
Hibernate: select cs1_0.id,cs1_0.brake,cs1_0.car_id,cs1_0.created_at,cs1_0.drivetrain,cs1_0.engine_power,cs1_0.fuel_type,cs1_0.gear_type,cs1_0.mileage,cs1_0.transmission from car_specs cs1_0 where cs1_0.car_id=?
Hibernate: select cp1_0.id,cp1_0.amount,cp1_0.car_id,cp1_0.convenience_fee,cp1_0.created_at,cp1_0.door_delivery_and_pickup,cp1_0.price_type,cp1_0.refundable_deposit,cp1_0.tax,cp1_0.trip_protection_fees from car_price cp1_0 where cp1_0.car_id=?
Hibernate: select a1_0.id,a1_0.address,a1_0.car_id,a1_0.city,a1_0.country,a1_0.created_at,a1_0.pin_code,a1_0.state,a1_0.user_id from address a1_0 where a1_0.car_id=?
Hibernate: select ci1_0.id,ci1_0.car_id,ci1_0.created_at,ci1_0.path from car_images ci1_0 where ci1_0.car_id=?
Hibernate: select ci1_0.id,ci1_0.car_id,ci1_0.created_at,ci1_0.path from car_images ci1_0 where ci1_0.id=?
Hibernate: select c1_0.id,c1_0.created_at,m1_0.id,m1_0.body,m1_0.brand_name,m1_0.created_at,m1_0.model_name,m1_0.seats,c1_0.name,p1_0.id,p1_0.city,p1_0.created_at,p1_0.pincode,p1_0.state,u1_0.id,u1_0.created_at,u1_0.email,u1_0.name,u1_0.password,u1_0.phone_number,u1_0.user_name,u1_0.user_type,c1_0.vin,c1_0.year from car c1_0 left join car_model m1_0 on m1_0.id=c1_0.model_id left join place p1_0 on p1_0.id=c1_0.place_id left join user u1_0 on u1_0.id=c1_0.user_id where c1_0.id=?
Hibernate: select u1_0.id,u1_0.created_at,u1_0.email,u1_0.name,u1_0.password,u1_0.phone_number,u1_0.user_name,u1_0.user_type from user u1_0 where u1_0.user_name=?
Hibernate: select u1_0.id,u1_0.created_at,u1_0.email,u1_0.name,u1_0.password,u1_0.phone_number,u1_0.user_name,u1_0.user_type from user u1_0 where u1_0.user_name=?
Hibernate: select b1_0.id,b1_0.car_id,b1_0.created_at,b1_0.delivery_location,b1_0.end_date,b1_0.end_time,b1_0.lessor_id,b1_0.return_location,b1_0.start_date,b1_0.start_time,b1_0.tenant_id from booking b1_0 where b1_0.tenant_id=?
Hibernate: select c1_0.id,c1_0.created_at,m1_0.id,m1_0.body,m1_0.brand_name,m1_0.created_at,m1_0.model_name,m1_0.seats,c1_0.name,p1_0.id,p1_0.city,p1_0.created_at,p1_0.pincode,p1_0.state,u1_0.id,u1_0.created_at,u1_0.email,u1_0.name,u1_0.password,u1_0.phone_number,u1_0.user_name,u1_0.user_type,c1_0.vin,c1_0.year from car c1_0 left join car_model m1_0 on m1_0.id=c1_0.model_id left join place p1_0 on p1_0.id=c1_0.place_id left join user u1_0 on u1_0.id=c1_0.user_id where c1_0.id=?
Hibernate: select ci1_0.id,ci1_0.car_id,ci1_0.created_at,ci1_0.path from car_images ci1_0 where ci1_0.car_id=?
Hibernate: select ci1_0.id,ci1_0.car_id,ci1_0.created_at,ci1_0.path from car_images ci1_0 where ci1_0.id=?
Hibernate: select c1_0.id,c1_0.created_at,m1_0.id,m1_0.body,m1_0.brand_name,m1_0.created_at,m1_0.model_name,m1_0.seats,c1_0.name,p1_0.id,p1_0.city,p1_0.created_at,p1_0.pincode,p1_0.state,u1_0.id,u1_0.created_at,u1_0.email,u1_0.name,u1_0.password,u1_0.phone_number,u1_0.user_name,u1_0.user_type,c1_0.vin,c1_0.year from car c1_0 left join car_model m1_0 on m1_0.id=c1_0.model_id left join place p1_0 on p1_0.id=c1_0.place_id left join user u1_0 on u1_0.id=c1_0.user_id where c1_0.id=?
